<?xml version="1.0" encoding="UTF-8"?>
<!-- Generated by org.testng.reporters.JUnitReportReporter -->
<testsuite hostname="Advik99" failures="0" tests="8" name="com.employeeapi.testcase.TC_001_GET_ALL_EMP" time="0.041" errors="0" timestamp="2021-10-20T11:02:14 EDT" skipped="0">
  <testcase classname="com.employeeapi.testcase.TC_001_GET_ALL_EMP" name="validationBody" time="0.025"/>
  <system-out/>
  <testcase classname="com.employeeapi.testcase.TC_001_GET_ALL_EMP" name="validationTime" time="0.000"/>
  <system-out/>
  <testcase classname="com.employeeapi.testcase.TC_001_GET_ALL_EMP" name="validationServer" time="0.011"/>
  <system-out/>
  <testcase classname="com.employeeapi.testcase.TC_001_GET_ALL_EMP" name="validationCode" time="0.000"/>
  <system-out/>
  <testcase classname="com.employeeapi.testcase.TC_001_GET_ALL_EMP" name="validationContent" time="0.000"/>
  <system-out/>
  <testcase classname="com.employeeapi.testcase.TC_001_GET_ALL_EMP" name="validationLine" time="0.000"/>
  <system-out/>
  <testcase classname="com.employeeapi.testcase.TC_001_GET_ALL_EMP" name="validationLength" time="0.005"/>
  <system-out/>
  <testcase classname="com.employeeapi.testcase.TC_001_GET_ALL_EMP" name="validationEncoding" time="0.000"/>
  <system-out/>
</testsuite> <!-- com.employeeapi.testcase.TC_001_GET_ALL_EMP -->
