<?xml version="1.0" encoding="UTF-8"?>
<!-- Generated by org.testng.reporters.JUnitReportReporter -->
<testsuite hostname="Advik99" failures="0" tests="8" name="com.employeeapi.testcase.TC_001_GET_ALL_EMP" time="0.045" errors="0" timestamp="2021-10-24T05:18:46 EDT" skipped="0">
  <testcase classname="com.employeeapi.testcase.TC_001_GET_ALL_EMP" name="validationContentType" time="0.002"/>
  <system-out/>
  <testcase classname="com.employeeapi.testcase.TC_001_GET_ALL_EMP" name="validationCode" time="0.002"/>
  <system-out/>
  <testcase classname="com.employeeapi.testcase.TC_001_GET_ALL_EMP" name="validationResponseTime" time="0.002"/>
  <system-out/>
  <testcase classname="com.employeeapi.testcase.TC_001_GET_ALL_EMP" name="validationStatusLine" time="0.001"/>
  <system-out/>
  <testcase classname="com.employeeapi.testcase.TC_001_GET_ALL_EMP" name="validationEncoding" time="0.004"/>
  <system-out/>
  <testcase classname="com.employeeapi.testcase.TC_001_GET_ALL_EMP" name="validationLength" time="0.004"/>
  <system-out/>
  <testcase classname="com.employeeapi.testcase.TC_001_GET_ALL_EMP" name="validationBody" time="0.024"/>
  <system-out/>
  <testcase classname="com.employeeapi.testcase.TC_001_GET_ALL_EMP" name="validationServerType" time="0.006"/>
  <system-out/>
</testsuite> <!-- com.employeeapi.testcase.TC_001_GET_ALL_EMP -->
