<?xml version="1.0" encoding="UTF-8"?>
<!-- Generated by org.testng.reporters.JUnitReportReporter -->
<testsuite hostname="Advik99" failures="0" tests="7" name="com.employeeapi.testcase.TC_002_GET_SNG_EMP_DATA" time="0.017" errors="0" timestamp="2021-10-24T05:18:46 EDT" skipped="0">
  <testcase classname="com.employeeapi.testcase.TC_002_GET_SNG_EMP_DATA" name="validationStatusLine" time="0.002"/>
  <system-out/>
  <testcase classname="com.employeeapi.testcase.TC_002_GET_SNG_EMP_DATA" name="validationResponseTime" time="0.003"/>
  <system-out/>
  <testcase classname="com.employeeapi.testcase.TC_002_GET_SNG_EMP_DATA" name="validationContentEncoding" time="0.003"/>
  <system-out/>
  <testcase classname="com.employeeapi.testcase.TC_002_GET_SNG_EMP_DATA" name="validationStatusCode" time="0.002"/>
  <system-out/>
  <testcase classname="com.employeeapi.testcase.TC_002_GET_SNG_EMP_DATA" name="validationContentType" time="0.002"/>
  <system-out/>
  <testcase classname="com.employeeapi.testcase.TC_002_GET_SNG_EMP_DATA" name="validationBody" time="0.003"/>
  <system-out/>
  <testcase classname="com.employeeapi.testcase.TC_002_GET_SNG_EMP_DATA" name="validationServerType" time="0.002"/>
  <system-out/>
</testsuite> <!-- com.employeeapi.testcase.TC_002_GET_SNG_EMP_DATA -->
