<?xml version="1.0" encoding="UTF-8"?>
<!-- Generated by org.testng.reporters.JUnitReportReporter -->
<testsuite hostname="Advik99" failures="0" tests="8" name="com.employeeapi.testcase.TC_003_POST_NEW_EMP" time="0.036" errors="0" timestamp="2021-10-25T06:11:45 EDT" skipped="0">
  <testcase classname="com.employeeapi.testcase.TC_003_POST_NEW_EMP" name="validationResponsePost" time="0.003"/>
  <system-out/>
  <testcase classname="com.employeeapi.testcase.TC_003_POST_NEW_EMP" name="validationBody" time="0.017"/>
  <system-out/>
  <testcase classname="com.employeeapi.testcase.TC_003_POST_NEW_EMP" name="validationContentEncoding" time="0.002"/>
  <system-out/>
  <testcase classname="com.employeeapi.testcase.TC_003_POST_NEW_EMP" name="validationResponseTime" time="0.003"/>
  <system-out/>
  <testcase classname="com.employeeapi.testcase.TC_003_POST_NEW_EMP" name="validationServerType" time="0.003"/>
  <system-out/>
  <testcase classname="com.employeeapi.testcase.TC_003_POST_NEW_EMP" name="validationStatusCode" time="0.002"/>
  <system-out/>
  <testcase classname="com.employeeapi.testcase.TC_003_POST_NEW_EMP" name="validationContentType" time="0.002"/>
  <system-out/>
  <testcase classname="com.employeeapi.testcase.TC_003_POST_NEW_EMP" name="validationStatusLine" time="0.004"/>
  <system-out/>
</testsuite> <!-- com.employeeapi.testcase.TC_003_POST_NEW_EMP -->
